{"/home/felipe/MEGA/code/packages/responser/index.ts": {"path":"/home/felipe/MEGA/code/packages/responser/index.ts","statementMap":{"0":{"start":{"line":2,"column":0},"end":{"line":2,"column":42}},"1":{"start":{"line":65,"column":22},"end":{"line":65,"column":45}},"2":{"start":{"line":65,"column":39},"end":{"line":65,"column":null}},"3":{"start":{"line":67,"column":18},"end":{"line":67,"column":38}},"4":{"start":{"line":67,"column":35},"end":{"line":67,"column":null}},"5":{"start":{"line":67,"column":77},"end":{"line":67,"column":96}},"6":{"start":{"line":69,"column":18},"end":{"line":86,"column":1}},"7":{"start":{"line":71,"column":4},"end":{"line":71,"column":null}},"8":{"start":{"line":71,"column":71},"end":{"line":71,"column":null}},"9":{"start":{"line":72,"column":20},"end":{"line":72,"column":62}},"10":{"start":{"line":73,"column":5},"end":{"line":83,"column":null}},"11":{"start":{"line":74,"column":25},"end":{"line":74,"column":59}},"12":{"start":{"line":75,"column":6},"end":{"line":82,"column":null}},"13":{"start":{"line":70,"column":2},"end":{"line":84,"column":null}},"14":{"start":{"line":70,"column":30},"end":{"line":70,"column":36}},"15":{"start":{"line":70,"column":30},"end":{"line":70,"column":56}},"16":{"start":{"line":70,"column":12},"end":{"line":70,"column":13}},"17":{"start":{"line":70,"column":19},"end":{"line":70,"column":21}},"18":{"start":{"line":70,"column":25},"end":{"line":70,"column":26}},"19":{"start":{"line":70,"column":13},"end":{"line":70,"column":26}},"20":{"start":{"line":85,"column":2},"end":{"line":85,"column":null}},"21":{"start":{"line":88,"column":0},"end":{"line":88,"column":null}}},"fnMap":{"0":{"name":"(anonymous_1)","decl":{"start":{"line":65,"column":22},"end":{"line":65,"column":23}},"loc":{"start":{"line":65,"column":34},"end":{"line":65,"column":45}}},"1":{"name":"(anonymous_2)","decl":{"start":{"line":67,"column":18},"end":{"line":67,"column":19}},"loc":{"start":{"line":67,"column":30},"end":{"line":67,"column":38}}},"2":{"name":"(anonymous_3)","decl":{"start":{"line":67,"column":72},"end":{"line":67,"column":73}},"loc":{"start":{"line":67,"column":73},"end":{"line":67,"column":78}}},"3":{"name":"(anonymous_4)","decl":{"start":{"line":69,"column":18},"end":{"line":69,"column":19}},"loc":{"start":{"line":69,"column":75},"end":{"line":86,"column":1}}},"4":{"name":"(anonymous_6)","decl":{"start":{"line":73,"column":51},"end":{"line":73,"column":60}},"loc":{"start":{"line":73,"column":93},"end":{"line":83,"column":5}}}},"branchMap":{"0":{"loc":{"start":{"line":71,"column":4},"end":{"line":71,"column":null}},"type":"if","locations":[{"start":{"line":71,"column":4},"end":{"line":71,"column":null}},{"start":{"line":71,"column":4},"end":{"line":71,"column":null}}]},"1":{"loc":{"start":{"line":71,"column":7},"end":{"line":71,"column":32}},"type":"binary-expr","locations":[{"start":{"line":71,"column":7},"end":{"line":71,"column":32}},{"start":{"line":71,"column":36},"end":{"line":71,"column":61}}]},"2":{"loc":{"start":{"line":74,"column":25},"end":{"line":74,"column":32}},"type":"binary-expr","locations":[{"start":{"line":74,"column":25},"end":{"line":74,"column":32}},{"start":{"line":74,"column":36},"end":{"line":74,"column":59}}]},"3":{"loc":{"start":{"line":80,"column":38},"end":{"line":80,"column":45}},"type":"cond-expr","locations":[{"start":{"line":80,"column":38},"end":{"line":80,"column":45}},{"start":{"line":80,"column":48},"end":{"line":80,"column":57}}]},"4":{"loc":{"start":{"line":80,"column":14},"end":{"line":80,"column":24}},"type":"binary-expr","locations":[{"start":{"line":80,"column":14},"end":{"line":80,"column":24}},{"start":{"line":80,"column":28},"end":{"line":80,"column":35}}]},"5":{"loc":{"start":{"line":81,"column":41},"end":{"line":81,"column":48}},"type":"cond-expr","locations":[{"start":{"line":81,"column":41},"end":{"line":81,"column":48}},{"start":{"line":81,"column":51},"end":{"line":81,"column":60}}]},"6":{"loc":{"start":{"line":81,"column":16},"end":{"line":81,"column":26}},"type":"binary-expr","locations":[{"start":{"line":81,"column":16},"end":{"line":81,"column":26}},{"start":{"line":81,"column":30},"end":{"line":81,"column":38}}]}},"s":{"0":1,"1":1,"2":2,"3":1,"4":162,"5":192,"6":1,"7":168,"8":6,"9":162,"10":162,"11":3,"12":3,"13":3,"14":3,"15":3,"16":168,"17":168,"18":168,"19":168,"20":3,"21":1},"f":{"0":2,"1":162,"2":192,"3":3,"4":3},"b":{"0":[6,162],"1":[168,165],"2":[3,2],"3":[1,2],"4":[3,2],"5":[1,2],"6":[3,2]}}
}
