TN:
SF:index.ts
FN:65,(anonymous_1)
FN:67,(anonymous_2)
FN:67,(anonymous_3)
FN:69,(anonymous_4)
FN:73,(anonymous_6)
FNF:5
FNH:5
FNDA:2,(anonymous_1)
FNDA:162,(anonymous_2)
FNDA:192,(anonymous_3)
FNDA:3,(anonymous_4)
FNDA:3,(anonymous_6)
DA:2,1
DA:65,2
DA:67,192
DA:69,1
DA:70,168
DA:71,168
DA:72,162
DA:73,162
DA:74,3
DA:75,3
DA:85,3
DA:88,1
LF:12
LH:12
BRDA:71,0,0,6
BRDA:71,0,1,162
BRDA:71,1,0,168
BRDA:71,1,1,165
BRDA:74,2,0,3
BRDA:74,2,1,2
BRDA:80,3,0,1
BRDA:80,3,1,2
BRDA:80,4,0,3
BRDA:80,4,1,2
BRDA:81,5,0,1
BRDA:81,5,1,2
BRDA:81,6,0,3
BRDA:81,6,1,2
BRF:14
BRH:14
end_of_record
